Arguments: 
  C:\Program Files\nodejs\node.exe C:\Program Files (x86)\Yarn\bin\yarn.js init

PATH: 
  C:\00_MaisUsados\Programas\cmder\bin;C:\00_MaisUsados\Programas\cmder\vendor\bin;C:\00_MaisUsados\Programas\cmder\vendor\conemu-maximus5\ConEmu\Scripts;C:\00_MaisUsados\Programas\cmder\vendor\conemu-maximus5;C:\00_MaisUsados\Programas\cmder\vendor\conemu-maximus5\ConEmu;C:\ProgramData\Oracle\Java\javapath;C:\Windows\system32;C:\Windows;C:\Windows\System32\Wbem;C:\Windows\System32\WindowsPowerShell\v1.0\;C:\Windows\System32\OpenSSH\;D:\Programas\Git\cmd;C:\ProgramData\chocolatey\bin;C:\Program Files\nodejs\;C:\Program Files (x86)\Yarn\bin\;D:\Programas\XAMPP\php;C:\ProgramData\ComposerSetup\bin;C:\Users\jecex\AppData\Local\Microsoft\WindowsApps;C:\00_MaisUsados\Programas\Microsoft VS Code\bin;C:\00_MaisUsados\Programas\JetBrains\PyCharm 2019.3.1\bin;C:\Users\jecex\AppData\Local\GitHubDesktop\bin;C:\Users\jecex\AppData\Roaming\npm;C:\Users\jecex\AppData\Local\Yarn\bin;C:\Users\jecex\AppData\Roaming\Composer\vendor\bin;C:\00_MaisUsados\Programas\JetBrains\PhpStorm 2019.3.2\bin;D:\Programas\Git\mingw64\bin;D:\Programas\Git\usr\bin;C:\00_MaisUsados\Programas\cmder;C:\00_MaisUsados\Programas\cmder\vendor\git-for-windows\cmd;C:\00_MaisUsados\Programas\cmder\vendor\git-for-windows\mingw64\bin;C:\00_MaisUsados\Programas\cmder\vendor\git-for-windows\usr\bin

Yarn version: 
  1.21.1

Node version: 
  12.14.1

Platform: 
  win32 x64

Trace: 
  Error: canceled
      at Interface.<anonymous> (C:\Program Files (x86)\Yarn\lib\cli.js:136925:13)
      at Interface.emit (events.js:223:5)
      at Interface._ttyWrite (readline.js:885:16)
      at ReadStream.onkeypress (readline.js:191:10)
      at ReadStream.emit (events.js:223:5)
      at emitKeys (internal/readline/utils.js:433:14)
      at emitKeys.next (<anonymous>)
      at ReadStream.onData (readline.js:1151:36)
      at ReadStream.emit (events.js:223:5)
      at addChunk (_stream_readable.js:309:12)

npm manifest: 
  {
    "name": "LAMIA-Site",
    "version": "1.0.0",
    "description": "Site para publicar as pesquisas feitas no laboratório LAMIA.",
    "main": "index.js",
    "author": ["Jecé Xavier <jece@alunos.utfpr.edu.br"],
    "license": "MIT",
    "scripts": {
      "dev": "nodemon src/server.js",
      "dev:debug": "nodemon --inspect src/server.js"
    },
    "dependencies": {
      "bcryptjs": "^2.4.3",
      "express": "^4.17.1",
      "jsonwebtoken": "^8.5.1",
      "pg": "^7.18.1",
      "pg-hstore": "^2.3.3",
      "sequelize": "^5.21.4",
      "yup": "^0.28.1"
    },
    "devDependencies": {
      "eslint": "^6.8.0",
      "eslint-config-airbnb-base": "^14.0.0",
      "eslint-config-prettier": "^6.10.0",
      "eslint-plugin-import": "^2.20.1",
      "eslint-plugin-prettier": "^3.1.2",
      "nodemon": "^2.0.2",
      "prettier": "^1.19.1",
      "sequelize-cli": "^5.5.1",
      "sucrase": "^3.12.1"
    }
  }

yarn manifest: 
  No manifest

Lockfile: 
  No lockfile
